####################
/var/spool/slurmd/job4977181/slurm_script
####################
--batch-size 64 --exc train --goal-reset False --num-eval 100 --reward-type delta_r --rollout-steps 2048 --text-verbosity True --total-timesteps 2500000 --train-episode-time-limit 15 --train-fps None --train-render-fps None --train-verbosity True
####################

Using cpu device
-----------------------------
| time/              |      |
|    fps             | 230  |
|    iterations      | 1    |
|    time_elapsed    | 8    |
|    total_timesteps | 2048 |
-----------------------------
-----------------------------------------
| rollout/                |             |
|    ep_len_mean          | 3.2e+03     |
|    ep_rew_mean          | -3.47       |
| time/                   |             |
|    fps                  | 216         |
|    iterations           | 2           |
|    time_elapsed         | 18          |
|    total_timesteps      | 4096        |
| train/                  |             |
|    approx_kl            | 0.011026296 |
|    clip_fraction        | 0.13        |
|    clip_range           | 0.2         |
|    entropy_loss         | -11.4       |
|    explained_variance   | 0.624       |
|    learning_rate        | 0.0003      |
|    loss                 | -0.0361     |
|    n_updates            | 10          |
|    policy_gradient_loss | -0.016      |
|    std                  | 1           |
|    value_loss           | 0.00354     |
-----------------------------------------
-----------------------------------------
| rollout/                |             |
|    ep_len_mean          | 3.2e+03     |
|    ep_rew_mean          | -3.47       |
| time/                   |             |
|    fps                  | 213         |
|    iterations           | 3           |
|    time_elapsed         | 28          |
|    total_timesteps      | 6144        |
| train/                  |             |
|    approx_kl            | 0.014259364 |
|    clip_fraction        | 0.163       |
|    clip_range           | 0.2         |
|    entropy_loss         | -11.3       |
|    explained_variance   | 0.894       |
|    learning_rate        | 0.0003      |
|    loss                 | -0.0423     |
|    n_updates            | 20          |
|    policy_gradient_loss | -0.0208     |
|    std                  | 0.992       |
|    value_loss           | 0.0113      |
-----------------------------------------
-----------------------------------------
| rollout/                |             |
|    ep_len_mean          | 3.08e+03    |
|    ep_rew_mean          | -3.58       |
| time/                   |             |
|    fps                  | 210         |
|    iterations           | 4           |
|    time_elapsed         | 38          |
|    total_timesteps      | 8192        |
| train/                  |             |
|    approx_kl            | 0.010133571 |
|    clip_fraction        | 0.118       |
|    clip_range           | 0.2         |
|    entropy_loss         | -11.3       |
|    explained_variance   | 0.702       |
|    learning_rate        | 0.0003      |
|    loss                 | -0.0334     |
|    n_updates            | 30          |
|    policy_gradient_loss | -0.0133     |
|    std                  | 0.994       |
|    value_loss           | 0.00435     |
-----------------------------------------
-----------------------------------------
| rollout/                |             |
|    ep_len_mean          | 3.11e+03    |
|    ep_rew_mean          | -3.68       |
| time/                   |             |
|    fps                  | 209         |
|    iterations           | 5           |
|    time_elapsed         | 48          |
|    total_timesteps      | 10240       |
| train/                  |             |
|    approx_kl            | 0.010313522 |
|    clip_fraction        | 0.115       |
|    clip_range           | 0.2         |
|    entropy_loss         | -11.3       |
|    explained_variance   | 0.878       |
|    learning_rate        | 0.0003      |
|    loss                 | -0.0313     |
|    n_updates            | 40          |
|    policy_gradient_loss | -0.0152     |
|    std                  | 0.997       |
|    value_loss           | 0.0104      |
-----------------------------------------
-----------------------------------------
| rollout/                |             |
|    ep_len_mean          | 3.11e+03    |
|    ep_rew_mean          | -3.68       |
| time/                   |             |
|    fps                  | 207         |
|    iterations           | 6           |
|    time_elapsed         | 59          |
|    total_timesteps      | 12288       |
| train/                  |             |
|    approx_kl            | 0.012668518 |
|    clip_fraction        | 0.162       |
|    clip_range           | 0.2         |
|    entropy_loss         | -11.3       |
|    explained_variance   | 0.844       |
|    learning_rate        | 0.0003      |
|    loss                 | 0.0391      |
|    n_updates            | 50          |
|    policy_gradient_loss | -0.0163     |
|    std                  | 0.996       |
|    value_loss           | 0.00338     |
-----------------------------------------
------------------------------------------
| rollout/                |              |
|    ep_len_mean          | 3.07e+03     |
|    ep_rew_mean          | -3.65        |
| time/                   |              |
|    fps                  | 207          |
|    iterations           | 7            |
|    time_elapsed         | 69           |
|    total_timesteps      | 14336        |
| train/                  |              |
|    approx_kl            | 0.0102229845 |
|    clip_fraction        | 0.14         |
|    clip_range           | 0.2          |
|    entropy_loss         | -11.3        |
|    explained_variance   | 0.28         |
|    learning_rate        | 0.0003       |
|    loss                 | 0.00123      |
|    n_updates            | 60           |
|    policy_gradient_loss | -0.00979     |
|    std                  | 0.994        |
|    value_loss           | 0.00544      |
------------------------------------------
-----------------------------------------
| rollout/                |             |
|    ep_len_mean          | 3.11e+03    |
|    ep_rew_mean          | -3.63       |
| time/                   |             |
|    fps                  | 207         |
|    iterations           | 8           |
|    time_elapsed         | 79          |
|    total_timesteps      | 16384       |
| train/                  |             |
|    approx_kl            | 0.016702289 |
|    clip_fraction        | 0.214       |
|    clip_range           | 0.2         |
|    entropy_loss         | -11.3       |
|    explained_variance   | 0.331       |
|    learning_rate        | 0.0003      |
|    loss                 | -0.0219     |
|    n_updates            | 70          |
|    policy_gradient_loss | -0.0201     |
|    std                  | 0.994       |
|    value_loss           | 0.00225     |
-----------------------------------------
-----------------------------------------
| rollout/                |             |
|    ep_len_mean          | 3.11e+03    |
|    ep_rew_mean          | -3.63       |
| time/                   |             |
|    fps                  | 206         |
|    iterations           | 9           |
|    time_elapsed         | 89          |
|    total_timesteps      | 18432       |
| train/                  |             |
|    approx_kl            | 0.011387903 |
|    clip_fraction        | 0.13        |
|    clip_range           | 0.2         |
|    entropy_loss         | -11.3       |
|    explained_variance   | 0.894       |
|    learning_rate        | 0.0003      |
|    loss                 | -0.0278     |
|    n_updates            | 80          |
|    policy_gradient_loss | -0.0146     |
|    std                  | 0.997       |
|    value_loss           | 0.00371     |
-----------------------------------------
----------------------------------------
| rollout/                |            |
|    ep_len_mean          | 3.07e+03   |
|    ep_rew_mean          | -3.65      |
| time/                   |            |
|    fps                  | 205        |
|    iterations           | 10         |
|    time_elapsed         | 99         |
|    total_timesteps      | 20480      |
| train/                  |            |
|    approx_kl            | 0.01699452 |
|    clip_fraction        | 0.216      |
|    clip_range           | 0.2        |
|    entropy_loss         | -11.3      |
|    explained_variance   | 0.663      |
|    learning_rate        | 0.0003     |
|    loss                 | -0.0345    |
|    n_updates            | 90         |
|    policy_gradient_loss | -0.0187    |
|    std                  | 0.99       |
|    value_loss           | 0.0158     |
----------------------------------------
------------------------------------------
| rollout/                |              |
|    ep_len_mean          | 3.09e+03     |
|    ep_rew_mean          | -3.64        |
| time/                   |              |
|    fps                  | 205          |
|    iterations           | 11           |
|    time_elapsed         | 109          |
|    total_timesteps      | 22528        |
| train/                  |              |
|    approx_kl            | 0.0134025365 |
|    clip_fraction        | 0.198        |
|    clip_range           | 0.2          |
|    entropy_loss         | -11.3        |
|    explained_variance   | 0.473        |
|    learning_rate        | 0.0003       |
|    loss                 | 0.0198       |
|    n_updates            | 100          |
|    policy_gradient_loss | -0.0198      |
|    std                  | 0.986        |
|    value_loss           | 0.00519      |
------------------------------------------
-----------------------------------------
| rollout/                |             |
|    ep_len_mean          | 3.09e+03    |
|    ep_rew_mean          | -3.64       |
| time/                   |             |
|    fps                  | 205         |
|    iterations           | 12          |
|    time_elapsed         | 119         |
|    total_timesteps      | 24576       |
| train/                  |             |
|    approx_kl            | 0.013463937 |
|    clip_fraction        | 0.178       |
|    clip_range           | 0.2         |
|    entropy_loss         | -11.2       |
|    explained_variance   | 0.508       |
|    learning_rate        | 0.0003      |
|    loss                 | -0.0313     |
|    n_updates            | 110         |
|    policy_gradient_loss | -0.0165     |
|    std                  | 0.987       |
|    value_loss           | 0.00177     |
-----------------------------------------
Eval num_timesteps=25000, episode_reward=-3.69 +/- 0.08
Episode length: 4208.80 +/- 765.85
-----------------------------------------
| eval/                   |             |
|    mean_ep_length       | 4.21e+03    |
|    mean_reward          | -3.69       |
| time/                   |             |
|    total_timesteps      | 25000       |
| train/                  |             |
|    approx_kl            | 0.017484872 |
|    clip_fraction        | 0.221       |
|    clip_range           | 0.2         |
|    entropy_loss         | -11.2       |
|    explained_variance   | 0.798       |
|    learning_rate        | 0.0003      |
|    loss                 | 0.00636     |
|    n_updates            | 120         |
|    policy_gradient_loss | -0.0187     |
|    std                  | 0.984       |
|    value_loss           | 0.00348     |
-----------------------------------------
New best mean reward!
---------------------------------
| rollout/           |          |
|    ep_len_mean     | 2.78e+03 |
|    ep_rew_mean     | -5.36    |
| time/              |          |
|    fps             | 130      |
|    iterations      | 13       |
|    time_elapsed    | 204      |
|    total_timesteps | 26624    |
---------------------------------
-----------------------------------------
| rollout/                |             |
|    ep_len_mean          | 2.81e+03    |
|    ep_rew_mean          | -5.18       |
| time/                   |             |
|    fps                  | 133         |
|    iterations           | 14          |
|    time_elapsed         | 214         |
|    total_timesteps      | 28672       |
| train/                  |             |
|    approx_kl            | 0.009439295 |
|    clip_fraction        | 0.112       |
|    clip_range           | 0.2         |
|    entropy_loss         | -11.2       |
|    explained_variance   | -0.0913     |
|    learning_rate        | 0.0003      |
|    loss                 | 0.0886      |
|    n_updates            | 130         |
|    policy_gradient_loss | -0.00761    |
|    std                  | 0.985       |
|    value_loss           | 1.04        |
-----------------------------------------
-----------------------------------------
| rollout/                |             |
|    ep_len_mean          | 2.81e+03    |
|    ep_rew_mean          | -5.18       |
| time/                   |             |
|    fps                  | 136         |
|    iterations           | 15          |
|    time_elapsed         | 224         |
|    total_timesteps      | 30720       |
| train/                  |             |
|    approx_kl            | 0.011697776 |
|    clip_fraction        | 0.152       |
|    clip_range           | 0.2         |
|    entropy_loss         | -11.2       |
|    explained_variance   | 0.944       |
|    learning_rate        | 0.0003      |
|    loss                 | -0.0236     |
|    n_updates            | 140         |
|    policy_gradient_loss | -0.0115     |
|    std                  | 0.983       |
|    value_loss           | 0.00186     |
-----------------------------------------
-----------------------------------------
| rollout/                |             |
|    ep_len_mean          | 2.83e+03    |
|    ep_rew_mean          | -5.04       |
| time/                   |             |
|    fps                  | 139         |
|    iterations           | 16          |
|    time_elapsed         | 234         |
|    total_timesteps      | 32768       |
| train/                  |             |
|    approx_kl            | 0.013929262 |
|    clip_fraction        | 0.191       |
|    clip_range           | 0.2         |
|    entropy_loss         | -11.2       |
|    explained_variance   | 0.637       |
|    learning_rate        | 0.0003      |
|    loss                 | -0.0028     |
|    n_updates            | 150         |
|    policy_gradient_loss | -0.0151     |
|    std                  | 0.979       |
|    value_loss           | 0.0126      |
-----------------------------------------
-----------------------------------------
| rollout/                |             |
|    ep_len_mean          | 2.87e+03    |
|    ep_rew_mean          | -4.91       |
| time/                   |             |
|    fps                  | 142         |
|    iterations           | 17          |
|    time_elapsed         | 244         |
|    total_timesteps      | 34816       |
| train/                  |             |
|    approx_kl            | 0.013460424 |
|    clip_fraction        | 0.181       |
|    clip_range           | 0.2         |
|    entropy_loss         | -11.2       |
|    explained_variance   | 0.531       |
|    learning_rate        | 0.0003      |
|    loss                 | -0.0511     |
|    n_updates            | 160         |
|    policy_gradient_loss | -0.0163     |
|    std                  | 0.983       |
|    value_loss           | 0.00259     |
-----------------------------------------
-----------------------------------------
| rollout/                |             |
|    ep_len_mean          | 2.87e+03    |
|    ep_rew_mean          | -4.91       |
| time/                   |             |
|    fps                  | 145         |
|    iterations           | 18          |
|    time_elapsed         | 253         |
|    total_timesteps      | 36864       |
| train/                  |             |
|    approx_kl            | 0.016311366 |
|    clip_fraction        | 0.175       |
|    clip_range           | 0.2         |
|    entropy_loss         | -11.2       |
|    explained_variance   | 0.939       |
|    learning_rate        | 0.0003      |
|    loss                 | 0.0185      |
|    n_updates            | 170         |
|    policy_gradient_loss | -0.0194     |
|    std                  | 0.982       |
|    value_loss           | 0.00237     |
-----------------------------------------
-----------------------------------------
| rollout/                |             |
|    ep_len_mean          | 2.88e+03    |
|    ep_rew_mean          | -4.78       |
| time/                   |             |
|    fps                  | 147         |
|    iterations           | 19          |
|    time_elapsed         | 263         |
|    total_timesteps      | 38912       |
| train/                  |             |
|    approx_kl            | 0.012637166 |
|    clip_fraction        | 0.167       |
|    clip_range           | 0.2         |
|    entropy_loss         | -11.2       |
|    explained_variance   | 0.803       |
|    learning_rate        | 0.0003      |
|    loss                 | 0.0016      |
|    n_updates            | 180         |
|    policy_gradient_loss | -0.0123     |
|    std                  | 0.981       |
|    value_loss           | 0.00219     |
-----------------------------------------
-----------------------------------------
| rollout/                |             |
|    ep_len_mean          | 2.9e+03     |
|    ep_rew_mean          | -4.68       |
| time/                   |             |
|    fps                  | 149         |
|    iterations           | 20          |
|    time_elapsed         | 273         |
|    total_timesteps      | 40960       |
| train/                  |             |
|    approx_kl            | 0.014861943 |
|    clip_fraction        | 0.211       |
|    clip_range           | 0.2         |
|    entropy_loss         | -11.2       |
|    explained_variance   | 0.717       |
|    learning_rate        | 0.0003      |
|    loss                 | -0.00989    |
|    n_updates            | 190         |
|    policy_gradient_loss | -0.0211     |
|    std                  | 0.975       |
|    value_loss           | 0.0165      |
-----------------------------------------
----------------------------------------
| rollout/                |            |
|    ep_len_mean          | 2.9e+03    |
|    ep_rew_mean          | -4.68      |
| time/                   |            |
|    fps                  | 151        |
|    iterations           | 21         |
|    time_elapsed         | 284        |
|    total_timesteps      | 43008      |
| train/                  |            |
|    approx_kl            | 0.01594148 |
|    clip_fraction        | 0.202      |
|    clip_range           | 0.2        |
|    entropy_loss         | -11.1      |
|    explained_variance   | 0.667      |
|    learning_rate        | 0.0003     |
|    loss                 | -0.0121    |
|    n_updates            | 200        |
|    policy_gradient_loss | -0.0179    |
|    std                  | 0.973      |
|    value_loss           | 0.00569    |
----------------------------------------
-----------------------------------------
| rollout/                |             |
|    ep_len_mean          | 2.9e+03     |
|    ep_rew_mean          | -4.6        |
| time/                   |             |
|    fps                  | 153         |
|    iterations           | 22          |
|    time_elapsed         | 294         |
|    total_timesteps      | 45056       |
| train/                  |             |
|    approx_kl            | 0.014723288 |
|    clip_fraction        | 0.205       |
|    clip_range           | 0.2         |
|    entropy_loss         | -11.1       |
|    explained_variance   | 0.504       |
|    learning_rate        | 0.0003      |
|    loss                 | -0.0176     |
|    n_updates            | 210         |
|    policy_gradient_loss | -0.0172     |
|    std                  | 0.97        |
|    value_loss           | 0.00509     |
-----------------------------------------
------------------------------------------
| rollout/                |              |
|    ep_len_mean          | 2.92e+03     |
|    ep_rew_mean          | -4.52        |
| time/                   |              |
|    fps                  | 154          |
|    iterations           | 23           |
|    time_elapsed         | 304          |
|    total_timesteps      | 47104        |
| train/                  |              |
|    approx_kl            | 0.0145418625 |
|    clip_fraction        | 0.161        |
|    clip_range           | 0.2          |
|    entropy_loss         | -11.1        |
|    explained_variance   | 0.24         |
|    learning_rate        | 0.0003       |
|    loss                 | 0.00502      |
|    n_updates            | 220          |
|    policy_gradient_loss | -0.00954     |
|    std                  | 0.971        |
|    value_loss           | 0.00278      |
------------------------------------------
-----------------------------------------
| rollout/                |             |
|    ep_len_mean          | 2.92e+03    |
|    ep_rew_mean          | -4.52       |
| time/                   |             |
|    fps                  | 156         |
|    iterations           | 24          |
|    time_elapsed         | 314         |
|    total_timesteps      | 49152       |
| train/                  |             |
|    approx_kl            | 0.016571779 |
|    clip_fraction        | 0.189       |
|    clip_range           | 0.2         |
|    entropy_loss         | -11.1       |
|    explained_variance   | 0.693       |
|    learning_rate        | 0.0003      |
|    loss                 | -0.00127    |
|    n_updates            | 230         |
|    policy_gradient_loss | -0.0165     |
|    std                  | 0.964       |
|    value_loss           | 0.00268     |
-----------------------------------------
Eval num_timesteps=50000, episode_reward=-3.76 +/- 0.09
Episode length: 4151.80 +/- 794.25
-----------------------------------------
| eval/                   |             |
|    mean_ep_length       | 4.15e+03    |
|    mean_reward          | -3.76       |
| time/                   |             |
|    total_timesteps      | 50000       |
| train/                  |             |
|    approx_kl            | 0.011391971 |
|    clip_fraction        | 0.162       |
|    clip_range           | 0.2         |
|    entropy_loss         | -11         |
|    explained_variance   | 0.22        |
|    learning_rate        | 0.0003      |
|    loss                 | -0.0141     |
|    n_updates            | 240         |
|    policy_gradient_loss | -0.0127     |
|    std                  | 0.959       |
|    value_loss           | 0.000435    |
-----------------------------------------
---------------------------------
| rollout/           |          |
|    ep_len_mean     | 2.78e+03 |
|    ep_rew_mean     | -5.28    |
| time/              |          |
|    fps             | 128      |
|    iterations      | 25       |
|    time_elapsed    | 398      |
|    total_timesteps | 51200    |
---------------------------------
-----------------------------------------
| rollout/                |             |
|    ep_len_mean          | 2.78e+03    |
|    ep_rew_mean          | -5.28       |
| time/                   |             |
|    fps                  | 130         |
|    iterations           | 26          |
|    time_elapsed         | 408         |
|    total_timesteps      | 53248       |
| train/                  |             |
|    approx_kl            | 0.012668064 |
|    clip_fraction        | 0.147       |
|    clip_range           | 0.2         |
|    entropy_loss         | -11         |
|    explained_variance   | 0.00568     |
|    learning_rate        | 0.0003      |
|    loss                 | -0.0145     |
|    n_updates            | 250         |
|    policy_gradient_loss | -0.00687    |
|    std                  | 0.959       |
|    value_loss           | 1.09        |
-----------------------------------------
-----------------------------------------
| rollout/                |             |
|    ep_len_mean          | 2.8e+03     |
|    ep_rew_mean          | -5.2        |
| time/                   |             |
|    fps                  | 131         |
|    iterations           | 27          |
|    time_elapsed         | 418         |
|    total_timesteps      | 55296       |
| train/                  |             |
|    approx_kl            | 0.017532952 |
|    clip_fraction        | 0.239       |
|    clip_range           | 0.2         |
|    entropy_loss         | -11         |
|    explained_variance   | 0.483       |
|    learning_rate        | 0.0003      |
|    loss                 | -0.0217     |
|    n_updates            | 260         |
|    policy_gradient_loss | -0.0126     |
|    std                  | 0.962       |
|    value_loss           | 0.00647     |
-----------------------------------------
-----------------------------------------
| rollout/                |             |
|    ep_len_mean          | 2.82e+03    |
|    ep_rew_mean          | -5.12       |
| time/                   |             |
|    fps                  | 133         |
|    iterations           | 28          |
|    time_elapsed         | 428         |
|    total_timesteps      | 57344       |
| train/                  |             |
|    approx_kl            | 0.014728347 |
|    clip_fraction        | 0.191       |
|    clip_range           | 0.2         |
|    entropy_loss         | -11         |
|    explained_variance   | 0.676       |
|    learning_rate        | 0.0003      |
|    loss                 | -0.0438     |
|    n_updates            | 270         |
|    policy_gradient_loss | -0.0188     |
|    std                  | 0.961       |
|    value_loss           | 0.00615     |
-----------------------------------------
-----------------------------------------
| rollout/                |             |
|    ep_len_mean          | 2.82e+03    |
|    ep_rew_mean          | -5.12       |
| time/                   |             |
|    fps                  | 135         |
|    iterations           | 29          |
|    time_elapsed         | 438         |
|    total_timesteps      | 59392       |
| train/                  |             |
|    approx_kl            | 0.014631848 |
|    clip_fraction        | 0.164       |
|    clip_range           | 0.2         |
|    entropy_loss         | -11         |
|    explained_variance   | 0.774       |
|    learning_rate        | 0.0003      |
|    loss                 | -0.0108     |
|    n_updates            | 280         |
|    policy_gradient_loss | -0.0195     |
|    std                  | 0.961       |
|    value_loss           | 0.00395     |
-----------------------------------------
-----------------------------------------
| rollout/                |             |
|    ep_len_mean          | 2.83e+03    |
|    ep_rew_mean          | -5.06       |
| time/                   |             |
|    fps                  | 136         |
|    iterations           | 30          |
|    time_elapsed         | 448         |
|    total_timesteps      | 61440       |
| train/                  |             |
|    approx_kl            | 0.015469294 |
|    clip_fraction        | 0.216       |
|    clip_range           | 0.2         |
|    entropy_loss         | -11         |
|    explained_variance   | 0.13        |
|    learning_rate        | 0.0003      |
|    loss                 | -0.0415     |
|    n_updates            | 290         |
|    policy_gradient_loss | -0.00835    |
|    std                  | 0.964       |
|    value_loss           | 0.000381    |
-----------------------------------------
-----------------------------------------
| rollout/                |             |
|    ep_len_mean          | 2.85e+03    |
|    ep_rew_mean          | -4.99       |
| time/                   |             |
|    fps                  | 138         |
|    iterations           | 31          |
|    time_elapsed         | 458         |
|    total_timesteps      | 63488       |
| train/                  |             |
|    approx_kl            | 0.014560354 |
|    clip_fraction        | 0.181       |
|    clip_range           | 0.2         |
|    entropy_loss         | -11         |
|    explained_variance   | -0.483      |
|    learning_rate        | 0.0003      |
|    loss                 | -0.0243     |
|    n_updates            | 300         |
|    policy_gradient_loss | -0.012      |
|    std                  | 0.96        |
|    value_loss           | 0.000904    |
-----------------------------------------
-----------------------------------------
| rollout/                |             |
|    ep_len_mean          | 2.85e+03    |
|    ep_rew_mean          | -4.99       |
| time/                   |             |
|    fps                  | 139         |
|    iterations           | 32          |
|    time_elapsed         | 468         |
|    total_timesteps      | 65536       |
| train/                  |             |
|    approx_kl            | 0.014459636 |
|    clip_fraction        | 0.193       |
|    clip_range           | 0.2         |
|    entropy_loss         | -11         |
|    explained_variance   | 0.29        |
|    learning_rate        | 0.0003      |
|    loss                 | -0.00699    |
|    n_updates            | 310         |
|    policy_gradient_loss | -0.0157     |
|    std                  | 0.959       |
|    value_loss           | 0.00124     |
-----------------------------------------
----------------------------------------
| rollout/                |            |
|    ep_len_mean          | 2.85e+03   |
|    ep_rew_mean          | -4.94      |
| time/                   |            |
|    fps                  | 141        |
|    iterations           | 33         |
|    time_elapsed         | 478        |
|    total_timesteps      | 67584      |
| train/                  |            |
|    approx_kl            | 0.01610012 |
|    clip_fraction        | 0.182      |
|    clip_range           | 0.2        |
|    entropy_loss         | -11        |
|    explained_variance   | 0.273      |
|    learning_rate        | 0.0003     |
|    loss                 | -0.0184    |
|    n_updates            | 320        |
|    policy_gradient_loss | -0.0139    |
|    std                  | 0.954      |
|    value_loss           | 0.00175    |
----------------------------------------
-----------------------------------------
| rollout/                |             |
|    ep_len_mean          | 2.86e+03    |
|    ep_rew_mean          | -4.87       |
| time/                   |             |
|    fps                  | 142         |
|    iterations           | 34          |
|    time_elapsed         | 488         |
|    total_timesteps      | 69632       |
| train/                  |             |
|    approx_kl            | 0.012787315 |
|    clip_fraction        | 0.184       |
|    clip_range           | 0.2         |
|    entropy_loss         | -10.9       |
|    explained_variance   | 0.313       |
|    learning_rate        | 0.0003      |
|    loss                 | 0.00726     |
|    n_updates            | 330         |
|    policy_gradient_loss | -0.0105     |
|    std                  | 0.947       |
|    value_loss           | 0.000506    |
-----------------------------------------
----------------------------------------
| rollout/                |            |
|    ep_len_mean          | 2.86e+03   |
|    ep_rew_mean          | -4.87      |
| time/                   |            |
|    fps                  | 143        |
|    iterations           | 35         |
|    time_elapsed         | 498        |
|    total_timesteps      | 71680      |
| train/                  |            |
|    approx_kl            | 0.01935238 |
|    clip_fraction        | 0.204      |
|    clip_range           | 0.2        |
|    entropy_loss         | -10.9      |
|    explained_variance   | 0.297      |
|    learning_rate        | 0.0003     |
|    loss                 | -0.0407    |
|    n_updates            | 340        |
|    policy_gradient_loss | -0.0217    |
|    std                  | 0.946      |
|    value_loss           | 0.00176    |
----------------------------------------
-----------------------------------------
| rollout/                |             |
|    ep_len_mean          | 2.87e+03    |
|    ep_rew_mean          | -4.81       |
| time/                   |             |
|    fps                  | 144         |
|    iterations           | 36          |
|    time_elapsed         | 509         |
|    total_timesteps      | 73728       |
| train/                  |             |
|    approx_kl            | 0.014735798 |
|    clip_fraction        | 0.187       |
|    clip_range           | 0.2         |
|    entropy_loss         | -10.9       |
|    explained_variance   | 0.566       |
|    learning_rate        | 0.0003      |
|    loss                 | -0.0245     |
|    n_updates            | 350         |
|    policy_gradient_loss | -0.00993    |
|    std                  | 0.945       |
|    value_loss           | 0.000744    |
-----------------------------------------
Eval num_timesteps=75000, episode_reward=-3.80 +/- 0.09
Episode length: 7309.00 +/- 4750.50
-----------------------------------------
| eval/                   |             |
|    mean_ep_length       | 7.31e+03    |
|    mean_reward          | -3.8        |
| time/                   |             |
|    total_timesteps      | 75000       |
| train/                  |             |
|    approx_kl            | 0.015723012 |
|    clip_fraction        | 0.229       |
|    clip_range           | 0.2         |
|    entropy_loss         | -10.9       |
|    explained_variance   | 0.496       |
|    learning_rate        | 0.0003      |
|    loss                 | -0.0328     |
|    n_updates            | 360         |
|    policy_gradient_loss | -0.0197     |
|    std                  | 0.942       |
|    value_loss           | 0.00649     |
-----------------------------------------
---------------------------------
| rollout/           |          |
|    ep_len_mean     | 2.78e+03 |
|    ep_rew_mean     | -5.29    |
| time/              |          |
|    fps             | 127      |
|    iterations      | 37       |
|    time_elapsed    | 594      |
|    total_timesteps | 75776    |
---------------------------------
-----------------------------------------
| rollout/                |             |
|    ep_len_mean          | 2.78e+03    |
|    ep_rew_mean          | -5.29       |
| time/                   |             |
|    fps                  | 128         |
|    iterations           | 38          |
|    time_elapsed         | 605         |
|    total_timesteps      | 77824       |
| train/                  |             |
|    approx_kl            | 0.011999784 |
|    clip_fraction        | 0.184       |
|    clip_range           | 0.2         |
|    entropy_loss         | -10.9       |
|    explained_variance   | 0.0476      |
|    learning_rate        | 0.0003      |
|    loss                 | 0.0399      |
|    n_updates            | 370         |
|    policy_gradient_loss | -0.0084     |
|    std                  | 0.939       |
|    value_loss           | 0.86        |
-----------------------------------------
-----------------------------------------
| rollout/                |             |
|    ep_len_mean          | 2.78e+03    |
|    ep_rew_mean          | -5.23       |
| time/                   |             |
|    fps                  | 129         |
|    iterations           | 39          |
|    time_elapsed         | 615         |
|    total_timesteps      | 79872       |
| train/                  |             |
|    approx_kl            | 0.015269924 |
|    clip_fraction        | 0.196       |
|    clip_range           | 0.2         |
|    entropy_loss         | -10.8       |
|    explained_variance   | 0.879       |
|    learning_rate        | 0.0003      |
|    loss                 | 0.0475      |
|    n_updates            | 380         |
|    policy_gradient_loss | -0.00812    |
|    std                  | 0.935       |
|    value_loss           | 0.0237      |
-----------------------------------------
-----------------------------------------
| rollout/                |             |
|    ep_len_mean          | 2.79e+03    |
|    ep_rew_mean          | -5.15       |
| time/                   |             |
|    fps                  | 130         |
|    iterations           | 40          |
|    time_elapsed         | 625         |
|    total_timesteps      | 81920       |
| train/                  |             |
|    approx_kl            | 0.015889075 |
|    clip_fraction        | 0.183       |
|    clip_range           | 0.2         |
|    entropy_loss         | -10.8       |
|    explained_variance   | 0.745       |
|    learning_rate        | 0.0003      |
|    loss                 | 0.04        |
|    n_updates            | 390         |
|    policy_gradient_loss | -0.0144     |
|    std                  | 0.94        |
|    value_loss           | 0.00499     |
-----------------------------------------
-----------------------------------------
| rollout/                |             |
|    ep_len_mean          | 2.79e+03    |
|    ep_rew_mean          | -5.15       |
| time/                   |             |
|    fps                  | 132         |
|    iterations           | 41          |
|    time_elapsed         | 635         |
|    total_timesteps      | 83968       |
| train/                  |             |
|    approx_kl            | 0.010579379 |
|    clip_fraction        | 0.154       |
|    clip_range           | 0.2         |
|    entropy_loss         | -10.8       |
|    explained_variance   | 0.58        |
|    learning_rate        | 0.0003      |
|    loss                 | -0.0279     |
|    n_updates            | 400         |
|    policy_gradient_loss | -0.0107     |
|    std                  | 0.937       |
|    value_loss           | 0.0012      |
-----------------------------------------
-----------------------------------------
| rollout/                |             |
|    ep_len_mean          | 2.8e+03     |
|    ep_rew_mean          | -5.1        |
| time/                   |             |
|    fps                  | 133         |
|    iterations           | 42          |
|    time_elapsed         | 645         |
|    total_timesteps      | 86016       |
| train/                  |             |
|    approx_kl            | 0.015127774 |
|    clip_fraction        | 0.176       |
|    clip_range           | 0.2         |
|    entropy_loss         | -10.8       |
|    explained_variance   | 0.717       |
|    learning_rate        | 0.0003      |
|    loss                 | -0.0268     |
|    n_updates            | 410         |
|    policy_gradient_loss | -0.0163     |
|    std                  | 0.933       |
|    value_loss           | 0.00135     |
-----------------------------------------
-----------------------------------------
| rollout/                |             |
|    ep_len_mean          | 2.81e+03    |
|    ep_rew_mean          | -5.05       |
| time/                   |             |
|    fps                  | 134         |
|    iterations           | 43          |
|    time_elapsed         | 655         |
|    total_timesteps      | 88064       |
| train/                  |             |
|    approx_kl            | 0.013453068 |
|    clip_fraction        | 0.174       |
|    clip_range           | 0.2         |
|    entropy_loss         | -10.8       |
|    explained_variance   | 0.711       |
|    learning_rate        | 0.0003      |
|    loss                 | -0.00466    |
|    n_updates            | 420         |
|    policy_gradient_loss | -0.0146     |
|    std                  | 0.929       |
|    value_loss           | 0.00521     |
-----------------------------------------
-----------------------------------------
| rollout/                |             |
|    ep_len_mean          | 2.81e+03    |
|    ep_rew_mean          | -5.05       |
| time/                   |             |
|    fps                  | 135         |
|    iterations           | 44          |
|    time_elapsed         | 666         |
|    total_timesteps      | 90112       |
| train/                  |             |
|    approx_kl            | 0.016710859 |
|    clip_fraction        | 0.197       |
|    clip_range           | 0.2         |
|    entropy_loss         | -10.8       |
|    explained_variance   | 0.368       |
|    learning_rate        | 0.0003      |
|    loss                 | -0.0306     |
|    n_updates            | 430         |
|    policy_gradient_loss | -0.014      |
|    std                  | 0.931       |
|    value_loss           | 0.00284     |
-----------------------------------------
-----------------------------------------
| rollout/                |             |
|    ep_len_mean          | 2.82e+03    |
|    ep_rew_mean          | -5.01       |
| time/                   |             |
|    fps                  | 136         |
|    iterations           | 45          |
|    time_elapsed         | 676         |
|    total_timesteps      | 92160       |
| train/                  |             |
|    approx_kl            | 0.011417707 |
|    clip_fraction        | 0.181       |
|    clip_range           | 0.2         |
|    entropy_loss         | -10.8       |
|    explained_variance   | -0.0978     |
|    learning_rate        | 0.0003      |
|    loss                 | -0.00531    |
|    n_updates            | 440         |
|    policy_gradient_loss | -0.00674    |
|    std                  | 0.935       |
|    value_loss           | 0.000353    |
-----------------------------------------
-----------------------------------------
| rollout/                |             |
|    ep_len_mean          | 2.82e+03    |
|    ep_rew_mean          | -4.97       |
| time/                   |             |
|    fps                  | 137         |
|    iterations           | 46          |
|    time_elapsed         | 687         |
|    total_timesteps      | 94208       |
| train/                  |             |
|    approx_kl            | 0.011309481 |
|    clip_fraction        | 0.159       |
|    clip_range           | 0.2         |
|    entropy_loss         | -10.8       |
|    explained_variance   | -0.905      |
|    learning_rate        | 0.0003      |
|    loss                 | -0.0281     |
|    n_updates            | 450         |
|    policy_gradient_loss | -0.0155     |
|    std                  | 0.932       |
|    value_loss           | 0.00292     |
-----------------------------------------
-----------------------------------------
| rollout/                |             |
|    ep_len_mean          | 2.83e+03    |
|    ep_rew_mean          | -4.93       |
| time/                   |             |
|    fps                  | 137         |
|    iterations           | 47          |
|    time_elapsed         | 697         |
|    total_timesteps      | 96256       |
| train/                  |             |
|    approx_kl            | 0.013677359 |
|    clip_fraction        | 0.156       |
|    clip_range           | 0.2         |
|    entropy_loss         | -10.7       |
|    explained_variance   | 0.864       |
|    learning_rate        | 0.0003      |
|    loss                 | 0.019       |
|    n_updates            | 460         |
|    policy_gradient_loss | -0.0142     |
|    std                  | 0.924       |
|    value_loss           | 0.00661     |
-----------------------------------------
-----------------------------------------
| rollout/                |             |
|    ep_len_mean          | 2.83e+03    |
|    ep_rew_mean          | -4.93       |
| time/                   |             |
|    fps                  | 138         |
|    iterations           | 48          |
|    time_elapsed         | 707         |
|    total_timesteps      | 98304       |
| train/                  |             |
|    approx_kl            | 0.013225345 |
|    clip_fraction        | 0.165       |
|    clip_range           | 0.2         |
|    entropy_loss         | -10.7       |
|    explained_variance   | 0.799       |
|    learning_rate        | 0.0003      |
|    loss                 | -0.00657    |
|    n_updates            | 470         |
|    policy_gradient_loss | -0.0151     |
|    std                  | 0.919       |
|    value_loss           | 0.00488     |
-----------------------------------------
Eval num_timesteps=100000, episode_reward=-3.75 +/- 0.05
Episode length: 3542.80 +/- 251.32
-----------------------------------------
| eval/                   |             |
|    mean_ep_length       | 3.54e+03    |
|    mean_reward          | -3.75       |
| time/                   |             |
|    total_timesteps      | 100000      |
| train/                  |             |
|    approx_kl            | 0.016607247 |
|    clip_fraction        | 0.191       |
|    clip_range           | 0.2         |
|    entropy_loss         | -10.7       |
|    explained_variance   | 0.801       |
|    learning_rate        | 0.0003      |
|    loss                 | 0.00703     |
|    n_updates            | 480         |
|    policy_gradient_loss | -0.014      |
|    std                  | 0.921       |
|    value_loss           | 0.0435      |
-----------------------------------------
---------------------------------
| rollout/           |          |
|    ep_len_mean     | 2.78e+03 |
|    ep_rew_mean     | -5.3     |
| time/              |          |
|    fps             | 126      |
|    iterations      | 49       |
|    time_elapsed    | 792      |
|    total_timesteps | 100352   |
---------------------------------
-----------------------------------------
| rollout/                |             |
|    ep_len_mean          | 2.78e+03    |
|    ep_rew_mean          | -5.3        |
| time/                   |             |
|    fps                  | 127         |
|    iterations           | 50          |
|    time_elapsed         | 802         |
|    total_timesteps      | 102400      |
| train/                  |             |
|    approx_kl            | 0.014022369 |
|    clip_fraction        | 0.161       |
|    clip_range           | 0.2         |
|    entropy_loss         | -10.7       |
|    explained_variance   | 0.341       |
|    learning_rate        | 0.0003      |
|    loss                 | 0.852       |
|    n_updates            | 490         |
|    policy_gradient_loss | -0.00744    |
|    std                  | 0.919       |
|    value_loss           | 1.25        |
-----------------------------------------
-----------------------------------------
| rollout/                |             |
|    ep_len_mean          | 2.78e+03    |
|    ep_rew_mean          | -5.24       |
| time/                   |             |
|    fps                  | 128         |
|    iterations           | 51          |
|    time_elapsed         | 812         |
|    total_timesteps      | 104448      |
| train/                  |             |
|    approx_kl            | 0.015795108 |
|    clip_fraction        | 0.231       |
|    clip_range           | 0.2         |
|    entropy_loss         | -10.7       |
|    explained_variance   | 0.0611      |
|    learning_rate        | 0.0003      |
|    loss                 | -0.00603    |
|    n_updates            | 500         |
|    policy_gradient_loss | -0.00933    |
|    std                  | 0.918       |
|    value_loss           | 0.00379     |
-----------------------------------------
-----------------------------------------
| rollout/                |             |
|    ep_len_mean          | 2.79e+03    |
|    ep_rew_mean          | -5.2        |
| time/                   |             |
|    fps                  | 129         |
|    iterations           | 52          |
|    time_elapsed         | 822         |
|    total_timesteps      | 106496      |
| train/                  |             |
|    approx_kl            | 0.017373834 |
|    clip_fraction        | 0.228       |
|    clip_range           | 0.2         |
|    entropy_loss         | -10.7       |
|    explained_variance   | 0.753       |
|    learning_rate        | 0.0003      |
|    loss                 | -0.0335     |
|    n_updates            | 510         |
|    policy_gradient_loss | -0.0158     |
|    std                  | 0.92        |
|    value_loss           | 0.0375      |
-----------------------------------------
-----------------------------------------
| rollout/                |             |
|    ep_len_mean          | 2.79e+03    |
|    ep_rew_mean          | -5.2        |
| time/                   |             |
|    fps                  | 130         |
|    iterations           | 53          |
|    time_elapsed         | 832         |
|    total_timesteps      | 108544      |
| train/                  |             |
|    approx_kl            | 0.018965777 |
|    clip_fraction        | 0.224       |
|    clip_range           | 0.2         |
|    entropy_loss         | -10.7       |
|    explained_variance   | 0.861       |
|    learning_rate        | 0.0003      |
|    loss                 | 0.0225      |
|    n_updates            | 520         |
|    policy_gradient_loss | -0.0184     |
|    std                  | 0.919       |
|    value_loss           | 0.0137      |
-----------------------------------------
-----------------------------------------
| rollout/                |             |
|    ep_len_mean          | 2.8e+03     |
|    ep_rew_mean          | -5.15       |
| time/                   |             |
|    fps                  | 131         |
|    iterations           | 54          |
|    time_elapsed         | 842         |
|    total_timesteps      | 110592      |
| train/                  |             |
|    approx_kl            | 0.014647866 |
|    clip_fraction        | 0.197       |
|    clip_range           | 0.2         |
|    entropy_loss         | -10.7       |
|    explained_variance   | 0.546       |
|    learning_rate        | 0.0003      |
|    loss                 | -0.0551     |
|    n_updates            | 530         |
|    policy_gradient_loss | -0.0103     |
|    std                  | 0.919       |
|    value_loss           | 0.00336     |
-----------------------------------------
-----------------------------------------
| rollout/                |             |
|    ep_len_mean          | 2.81e+03    |
|    ep_rew_mean          | -5.12       |
| time/                   |             |
|    fps                  | 132         |
|    iterations           | 55          |
|    time_elapsed         | 852         |
|    total_timesteps      | 112640      |
| train/                  |             |
|    approx_kl            | 0.017078301 |
|    clip_fraction        | 0.194       |
|    clip_range           | 0.2         |
|    entropy_loss         | -10.6       |
|    explained_variance   | 0.495       |
|    learning_rate        | 0.0003      |
|    loss                 | -0.0179     |
|    n_updates            | 540         |
|    policy_gradient_loss | -0.0172     |
|    std                  | 0.917       |
|    value_loss           | 0.0156      |
-----------------------------------------
-----------------------------------------
| rollout/                |             |
|    ep_len_mean          | 2.81e+03    |
|    ep_rew_mean          | -5.12       |
| time/                   |             |
|    fps                  | 132         |
|    iterations           | 56          |
|    time_elapsed         | 862         |
|    total_timesteps      | 114688      |
| train/                  |             |
|    approx_kl            | 0.017037489 |
|    clip_fraction        | 0.228       |
|    clip_range           | 0.2         |
|    entropy_loss         | -10.6       |
|    explained_variance   | 0.625       |
|    learning_rate        | 0.0003      |
|    loss                 | -0.0232     |
|    n_updates            | 550         |
|    policy_gradient_loss | -0.014      |
|    std                  | 0.911       |
|    value_loss           | 0.00245     |
-----------------------------------------
-----------------------------------------
| rollout/                |             |
|    ep_len_mean          | 2.81e+03    |
|    ep_rew_mean          | -5.09       |
| time/                   |             |
|    fps                  | 133         |
|    iterations           | 57          |
|    time_elapsed         | 871         |
|    total_timesteps      | 116736      |
| train/                  |             |
|    approx_kl            | 0.017908096 |
|    clip_fraction        | 0.211       |
|    clip_range           | 0.2         |
|    entropy_loss         | -10.6       |
|    explained_variance   | 0.63        |
|    learning_rate        | 0.0003      |
|    loss                 | -0.0413     |
|    n_updates            | 560         |
|    policy_gradient_loss | -0.00605    |
|    std                  | 0.912       |
|    value_loss           | 0.00302     |
-----------------------------------------
-----------------------------------------
| rollout/                |             |
|    ep_len_mean          | 2.83e+03    |
|    ep_rew_mean          | -5.06       |
| time/                   |             |
|    fps                  | 134         |
|    iterations           | 58          |
|    time_elapsed         | 881         |
|    total_timesteps      | 118784      |
| train/                  |             |
|    approx_kl            | 0.016287904 |
|    clip_fraction        | 0.208       |
|    clip_range           | 0.2         |
|    entropy_loss         | -10.6       |
|    explained_variance   | 0.809       |
|    learning_rate        | 0.0003      |
|    loss                 | -0.00572    |
|    n_updates            | 570         |
|    policy_gradient_loss | -0.0167     |
|    std                  | 0.908       |
|    value_loss           | 0.0039      |
-----------------------------------------
-----------------------------------------
| rollout/                |             |
|    ep_len_mean          | 2.83e+03    |
|    ep_rew_mean          | -5.06       |
| time/                   |             |
|    fps                  | 135         |
|    iterations           | 59          |
|    time_elapsed         | 890         |
|    total_timesteps      | 120832      |
| train/                  |             |
|    approx_kl            | 0.016672255 |
|    clip_fraction        | 0.202       |
|    clip_range           | 0.2         |
|    entropy_loss         | -10.5       |
|    explained_variance   | 0.554       |
|    learning_rate        | 0.0003      |
|    loss                 | -0.000535   |
|    n_updates            | 580         |
|    policy_gradient_loss | -0.0104     |
|    std                  | 0.902       |
|    value_loss           | 0.00731     |
-----------------------------------------
----------------------------------------
| rollout/                |            |
|    ep_len_mean          | 2.83e+03   |
|    ep_rew_mean          | -5.02      |
| time/                   |            |
|    fps                  | 136        |
|    iterations           | 60         |
|    time_elapsed         | 900        |
|    total_timesteps      | 122880     |
| train/                  |            |
|    approx_kl            | 0.01702433 |
|    clip_fraction        | 0.206      |
|    clip_range           | 0.2        |
|    entropy_loss         | -10.5      |
|    explained_variance   | -0.437     |
|    learning_rate        | 0.0003     |
|    loss                 | -0.00891   |
|    n_updates            | 590        |
|    policy_gradient_loss | -0.00903   |
|    std                  | 0.903      |
|    value_loss           | 0.000922   |
----------------------------------------
------------------------------------------
| rollout/                |              |
|    ep_len_mean          | 2.83e+03     |
|    ep_rew_mean          | -5.02        |
| time/                   |              |
|    fps                  | 137          |
|    iterations           | 61           |
|    time_elapsed         | 910          |
|    total_timesteps      | 124928       |
| train/                  |              |
|    approx_kl            | 0.0133752115 |
|    clip_fraction        | 0.203        |
|    clip_range           | 0.2          |
|    entropy_loss         | -10.5        |
|    explained_variance   | 0.5          |
|    learning_rate        | 0.0003       |
|    loss                 | -0.032       |
|    n_updates            | 600          |
|    policy_gradient_loss | -0.0114      |
|    std                  | 0.905        |
|    value_loss           | 0.00234      |
------------------------------------------
Eval num_timesteps=125000, episode_reward=-3.72 +/- 0.04
Episode length: 3796.60 +/- 926.23
-----------------------------------------
| eval/                   |             |
|    mean_ep_length       | 3.8e+03     |
|    mean_reward          | -3.72       |
| time/                   |             |
|    total_timesteps      | 125000      |
| train/                  |             |
|    approx_kl            | 0.020052318 |
|    clip_fraction        | 0.29        |
|    clip_range           | 0.2         |
|    entropy_loss         | -10.5       |
|    explained_variance   | 0.587       |
|    learning_rate        | 0.0003      |
|    loss                 | -0.044      |
|    n_updates            | 610         |
|    policy_gradient_loss | -0.0192     |
|    std                  | 0.903       |
|    value_loss           | 0.00173     |
-----------------------------------------
---------------------------------
| rollout/           |          |
|    ep_len_mean     | 2.78e+03 |
|    ep_rew_mean     | -5.3     |
| time/              |          |
|    fps             | 127      |
|    iterations      | 62       |
|    time_elapsed    | 995      |
|    total_timesteps | 126976   |
---------------------------------
---------------------------------------
| rollout/                |           |
|    ep_len_mean          | 2.79e+03  |
|    ep_rew_mean          | -5.26     |
| time/                   |           |
|    fps                  | 128       |
|    iterations           | 63        |
|    time_elapsed         | 1005      |
|    total_timesteps      | 129024    |
| train/                  |           |
|    approx_kl            | 0.0188081 |
|    clip_fraction        | 0.177     |
|    clip_range           | 0.2       |
|    entropy_loss         | -10.5     |
|    explained_variance   | 0.0118    |
|    learning_rate        | 0.0003    |
|    loss                 | 0.068     |
|    n_updates            | 620       |
|    policy_gradient_loss | -0.0162   |
|    std                  | 0.904     |
|    value_loss           | 0.481     |
---------------------------------------
-----------------------------------------
| rollout/                |             |
|    ep_len_mean          | 2.79e+03    |
|    ep_rew_mean          | -5.26       |
| time/                   |             |
|    fps                  | 128         |
|    iterations           | 64          |
|    time_elapsed         | 1016        |
|    total_timesteps      | 131072      |
| train/                  |             |
|    approx_kl            | 0.010552432 |
|    clip_fraction        | 0.135       |
|    clip_range           | 0.2         |
|    entropy_loss         | -10.5       |
|    explained_variance   | 0.548       |
|    learning_rate        | 0.0003      |
|    loss                 | -0.000491   |
|    n_updates            | 630         |
|    policy_gradient_loss | -0.0135     |
|    std                  | 0.899       |
|    value_loss           | 0.0199      |
-----------------------------------------
-----------------------------------------
| rollout/                |             |
|    ep_len_mean          | 2.79e+03    |
|    ep_rew_mean          | -5.22       |
| time/                   |             |
|    fps                  | 129         |
|    iterations           | 65          |
|    time_elapsed         | 1026        |
|    total_timesteps      | 133120      |
| train/                  |             |
|    approx_kl            | 0.017169168 |
|    clip_fraction        | 0.218       |
|    clip_range           | 0.2         |
|    entropy_loss         | -10.5       |
|    explained_variance   | 0.788       |
|    learning_rate        | 0.0003      |
|    loss                 | -0.049      |
|    n_updates            | 640         |
|    policy_gradient_loss | -0.0205     |
|    std                  | 0.895       |
|    value_loss           | 0.0178      |
-----------------------------------------
----------------------------------------
| rollout/                |            |
|    ep_len_mean          | 2.79e+03   |
|    ep_rew_mean          | -5.18      |
| time/                   |            |
|    fps                  | 130        |
|    iterations           | 66         |
|    time_elapsed         | 1036       |
|    total_timesteps      | 135168     |
| train/                  |            |
|    approx_kl            | 0.01501313 |
|    clip_fraction        | 0.181      |
|    clip_range           | 0.2        |
|    entropy_loss         | -10.4      |
|    explained_variance   | 0.423      |
|    learning_rate        | 0.0003     |
|    loss                 | -0.0067    |
|    n_updates            | 650        |
|    policy_gradient_loss | -0.00678   |
|    std                  | 0.896      |
|    value_loss           | 0.0305     |
----------------------------------------
-----------------------------------------
| rollout/                |             |
|    ep_len_mean          | 2.8e+03     |
|    ep_rew_mean          | -5.14       |
| time/                   |             |
|    fps                  | 130         |
|    iterations           | 67          |
|    time_elapsed         | 1047        |
|    total_timesteps      | 137216      |
| train/                  |             |
|    approx_kl            | 0.022793751 |
|    clip_fraction        | 0.266       |
|    clip_range           | 0.2         |
|    entropy_loss         | -10.5       |
|    explained_variance   | 0.592       |
|    learning_rate        | 0.0003      |
|    loss                 | -0.0302     |
|    n_updates            | 660         |
|    policy_gradient_loss | -0.0225     |
|    std                  | 0.896       |
|    value_loss           | 0.0188      |
-----------------------------------------
-----------------------------------------
| rollout/                |             |
|    ep_len_mean          | 2.8e+03     |
|    ep_rew_mean          | -5.14       |
| time/                   |             |
|    fps                  | 131         |
|    iterations           | 68          |
|    time_elapsed         | 1057        |
|    total_timesteps      | 139264      |
| train/                  |             |
|    approx_kl            | 0.018038241 |
|    clip_fraction        | 0.241       |
|    clip_range           | 0.2         |
|    entropy_loss         | -10.4       |
|    explained_variance   | 0.345       |
|    learning_rate        | 0.0003      |
|    loss                 | -0.000208   |
|    n_updates            | 670         |
|    policy_gradient_loss | -0.0171     |
|    std                  | 0.893       |
|    value_loss           | 0.0264      |
-----------------------------------------
-----------------------------------------
| rollout/                |             |
|    ep_len_mean          | 2.8e+03     |
|    ep_rew_mean          | -5.11       |
| time/                   |             |
|    fps                  | 132         |
|    iterations           | 69          |
|    time_elapsed         | 1067        |
|    total_timesteps      | 141312      |
| train/                  |             |
|    approx_kl            | 0.014929715 |
|    clip_fraction        | 0.207       |
|    clip_range           | 0.2         |
|    entropy_loss         | -10.4       |
|    explained_variance   | 0.32        |
|    learning_rate        | 0.0003      |
|    loss                 | -0.00678    |
|    n_updates            | 680         |
|    policy_gradient_loss | -0.00953    |
|    std                  | 0.887       |
|    value_loss           | 0.0217      |
-----------------------------------------
----------------------------------------
| rollout/                |            |
|    ep_len_mean          | 2.8e+03    |
|    ep_rew_mean          | -5.11      |
| time/                   |            |
|    fps                  | 133        |
|    iterations           | 70         |
|    time_elapsed         | 1077       |
|    total_timesteps      | 143360     |
| train/                  |            |
|    approx_kl            | 0.02446576 |
|    clip_fraction        | 0.25       |
|    clip_range           | 0.2        |
|    entropy_loss         | -10.4      |
|    explained_variance   | 0.644      |
|    learning_rate        | 0.0003     |
|    loss                 | -0.042     |
|    n_updates            | 690        |
|    policy_gradient_loss | -0.0261    |
|    std                  | 0.884      |
|    value_loss           | 0.00834    |
----------------------------------------
-----------------------------------------
| rollout/                |             |
|    ep_len_mean          | 2.81e+03    |
|    ep_rew_mean          | -5.09       |
| time/                   |             |
|    fps                  | 133         |
|    iterations           | 71          |
|    time_elapsed         | 1086        |
|    total_timesteps      | 145408      |
| train/                  |             |
|    approx_kl            | 0.014796397 |
|    clip_fraction        | 0.207       |
|    clip_range           | 0.2         |
|    entropy_loss         | -10.3       |
|    explained_variance   | 0.533       |
|    learning_rate        | 0.0003      |
|    loss                 | -0.0118     |
|    n_updates            | 700         |
|    policy_gradient_loss | -0.013      |
|    std                  | 0.881       |
|    value_loss           | 0.0136      |
-----------------------------------------
-----------------------------------------
| rollout/                |             |
|    ep_len_mean          | 2.82e+03    |
|    ep_rew_mean          | -5.06       |
| time/                   |             |
|    fps                  | 134         |
|    iterations           | 72          |
|    time_elapsed         | 1096        |
|    total_timesteps      | 147456      |
| train/                  |             |
|    approx_kl            | 0.015873794 |
|    clip_fraction        | 0.181       |
|    clip_range           | 0.2         |
|    entropy_loss         | -10.3       |
|    explained_variance   | 0.584       |
|    learning_rate        | 0.0003      |
|    loss                 | -0.0392     |
|    n_updates            | 710         |
|    policy_gradient_loss | -0.0167     |
|    std                  | 0.88        |
|    value_loss           | 0.0122      |
-----------------------------------------
-----------------------------------------
| rollout/                |             |
|    ep_len_mean          | 2.82e+03    |
|    ep_rew_mean          | -5.06       |
| time/                   |             |
|    fps                  | 135         |
|    iterations           | 73          |
|    time_elapsed         | 1106        |
|    total_timesteps      | 149504      |
| train/                  |             |
|    approx_kl            | 0.018053584 |
|    clip_fraction        | 0.209       |
|    clip_range           | 0.2         |
|    entropy_loss         | -10.3       |
|    explained_variance   | 0.27        |
|    learning_rate        | 0.0003      |
|    loss                 | -0.0461     |
|    n_updates            | 720         |
|    policy_gradient_loss | -0.0253     |
|    std                  | 0.884       |
|    value_loss           | 0.0169      |
-----------------------------------------
